  [4;36;1mSQL (0.2ms)[0m   [0;1mSET NAMES 'utf8'[0m
  [4;35;1mSQL (0.1ms)[0m   [0mSET SQL_AUTO_IS_NULL=0[0m
  [4;36;1mSQL (0.2ms)[0m   [0;1mSHOW TABLES[0m
  [4;35;1mSQL (391.6ms)[0m   [0mCREATE TABLE `schema_migrations` (`version` varchar(255) NOT NULL) ENGINE=InnoDB[0m
  [4;36;1mSQL (0.6ms)[0m   [0;1mSHOW KEYS FROM `schema_migrations`[0m
  [4;35;1mSQL (668.3ms)[0m   [0mCREATE UNIQUE INDEX `unique_schema_migrations` ON `schema_migrations` (`version`)[0m
  [4;36;1mSQL (0.3ms)[0m   [0;1mSHOW TABLES[0m
  [4;35;1mSQL (0.2ms)[0m   [0mSELECT version FROM schema_migrations[0m
Migrating to CreateBlogs (20151222031558)
  [4;36;1mSQL (314.2ms)[0m   [0;1mCREATE TABLE `blogs` (`id` int(11) DEFAULT NULL auto_increment PRIMARY KEY, `title` varchar(255), `descript` text, `created_at` datetime, `updated_at` datetime) ENGINE=InnoDB[0m
  [4;35;1mSQL (41.3ms)[0m   [0mINSERT INTO schema_migrations (version) VALUES ('20151222031558')[0m
  [4;36;1mSQL (0.3ms)[0m   [0;1mSHOW TABLES[0m
  [4;35;1mSQL (0.2ms)[0m   [0mSELECT version FROM schema_migrations[0m
  [4;36;1mSQL (0.2ms)[0m   [0;1mSHOW TABLES[0m
  [4;35;1mSQL (0.9ms)[0m   [0mSHOW FIELDS FROM `blogs`[0m
  [4;36;1mSQL (0.6ms)[0m   [0;1mdescribe `blogs`[0m
  [4;35;1mSQL (0.2ms)[0m   [0mSHOW KEYS FROM `blogs`[0m
  [4;36;1mSQL (0.1ms)[0m   [0;1mSET NAMES 'utf8'[0m
  [4;35;1mSQL (0.1ms)[0m   [0mSET SQL_AUTO_IS_NULL=0[0m


Processing BlogsController#index (for 127.0.0.1 at 2015-12-22 11:17:23) [GET]
  [4;36;1mBlog Load (0.3ms)[0m   [0;1mSELECT * FROM `blogs` [0m
Rendering template within layouts/blogs
Rendering blogs/index
Completed in 12ms (View: 8, DB: 1) | 200 OK [http://localhost/]
